{"name":"setUpClass","status":"broken","statusDetails":{"known":false,"muted":false,"flaky":false,"message":"Couldn't create a file output stream for 'test-output'.\nMake sure the the file isn't a directory.\n\nNote: This usually happens when plugins write to colliding paths.\nFor example: 'json:target/cucumber/report.json, html:target/cucumber'\nYou can fix this by making the paths do no collide.\nFor example: 'json:target/cucumber/report.json, html:target/cucumber/report.html'\nThe details are in the stack trace below:","trace":"java.lang.IllegalArgumentException: Couldn't create a file output stream for 'test-output'.\nMake sure the the file isn't a directory.\n\nNote: This usually happens when plugins write to colliding paths.\nFor example: 'json:target/cucumber/report.json, html:target/cucumber'\nYou can fix this by making the paths do no collide.\nFor example: 'json:target/cucumber/report.json, html:target/cucumber/report.html'\nThe details are in the stack trace below:\r\n\tat io.cucumber.core.plugin.PluginFactory.createFileOutputStream(PluginFactory.java:240)\r\n\tat io.cucumber.core.plugin.PluginFactory.openStream(PluginFactory.java:199)\r\n\tat io.cucumber.core.plugin.PluginFactory.convert(PluginFactory.java:166)\r\n\tat io.cucumber.core.plugin.PluginFactory.instantiate(PluginFactory.java:99)\r\n\tat io.cucumber.core.plugin.PluginFactory.create(PluginFactory.java:63)\r\n\tat io.cucumber.core.plugin.Plugins.createPlugins(Plugins.java:32)\r\n\tat io.cucumber.core.plugin.Plugins.<init>(Plugins.java:25)\r\n\tat io.cucumber.testng.TestNGCucumberRunner.<init>(TestNGCucumberRunner.java:92)\r\n\tat io.cucumber.testng.AbstractTestNGCucumberTests.setUpClass(AbstractTestNGCucumberTests.java:23)\r\n\tat java.base/jdk.internal.reflect.NativeMethodAccessorImpl.invoke0(Native Method)\r\n\tat java.base/jdk.internal.reflect.NativeMethodAccessorImpl.invoke(NativeMethodAccessorImpl.java:62)\r\n\tat java.base/jdk.internal.reflect.DelegatingMethodAccessorImpl.invoke(DelegatingMethodAccessorImpl.java:43)\r\n\tat java.base/java.lang.reflect.Method.invoke(Method.java:566)\r\n\tat org.testng.internal.MethodInvocationHelper.invokeMethod(MethodInvocationHelper.java:132)\r\n\tat org.testng.internal.MethodInvocationHelper.invokeMethodConsideringTimeout(MethodInvocationHelper.java:61)\r\n\tat org.testng.internal.ConfigInvoker.invokeConfigurationMethod(ConfigInvoker.java:366)\r\n\tat org.testng.internal.ConfigInvoker.invokeConfigurations(ConfigInvoker.java:320)\r\n\tat org.testng.internal.TestMethodWorker.invokeBeforeClassMethods(TestMethodWorker.java:176)\r\n\tat org.testng.internal.TestMethodWorker.run(TestMethodWorker.java:122)\r\n\tat java.base/java.util.ArrayList.forEach(ArrayList.java:1541)\r\n\tat org.testng.TestRunner.privateRun(TestRunner.java:764)\r\n\tat org.testng.TestRunner.run(TestRunner.java:585)\r\n\tat org.testng.SuiteRunner.runTest(SuiteRunner.java:384)\r\n\tat org.testng.SuiteRunner.runSequentially(SuiteRunner.java:378)\r\n\tat org.testng.SuiteRunner.privateRun(SuiteRunner.java:337)\r\n\tat org.testng.SuiteRunner.run(SuiteRunner.java:286)\r\n\tat org.testng.SuiteRunnerWorker.runSuite(SuiteRunnerWorker.java:53)\r\n\tat org.testng.SuiteRunnerWorker.run(SuiteRunnerWorker.java:96)\r\n\tat org.testng.TestNG.runSuitesSequentially(TestNG.java:1218)\r\n\tat org.testng.TestNG.runSuitesLocally(TestNG.java:1140)\r\n\tat org.testng.TestNG.runSuites(TestNG.java:1069)\r\n\tat org.testng.TestNG.run(TestNG.java:1037)\r\n\tat org.testng.remote.AbstractRemoteTestNG.run(AbstractRemoteTestNG.java:115)\r\n\tat org.testng.remote.RemoteTestNG.initAndRun(RemoteTestNG.java:251)\r\n\tat org.testng.remote.RemoteTestNG.main(RemoteTestNG.java:77)\r\nCaused by: java.io.FileNotFoundException: test-output (Access is denied)\r\n\tat java.base/java.io.FileOutputStream.open0(Native Method)\r\n\tat java.base/java.io.FileOutputStream.open(FileOutputStream.java:298)\r\n\tat java.base/java.io.FileOutputStream.<init>(FileOutputStream.java:237)\r\n\tat java.base/java.io.FileOutputStream.<init>(FileOutputStream.java:187)\r\n\tat io.cucumber.core.plugin.PluginFactory.createFileOutputStream(PluginFactory.java:237)\r\n\t... 34 more\r\n"},"stage":"finished","steps":[],"attachments":[],"parameters":[],"start":1615020728463,"stop":1615020728467,"uuid":"94de04b6-ce5c-412c-9524-d3bccd0f26f9","historyId":"2958391b3c5bd792b6b99651b7309ca2","fullName":"io.cucumber.testng.AbstractTestNGCucumberTests.setUpClass","labels":[{"name":"package","value":"com.ijmeet.runner.Runner"},{"name":"testClass","value":"com.ijmeet.runner.Runner"},{"name":"testMethod","value":"setUpClass"},{"name":"parentSuite","value":"Default suite"},{"name":"suite","value":"Default test"},{"name":"subSuite","value":"com.ijmeet.runner.Runner"},{"name":"host","value":"DESKTOP-V8KH0U1"},{"name":"thread","value":"12032@DESKTOP-V8KH0U1.main(1)"},{"name":"framework","value":"testng"},{"name":"language","value":"java"},{"name":"AS_ID","value":"-1"}],"links":[]}